<?xml version="1.0" encoding="UTF-8"?>
<!-- Generated by org.testng.reporters.JUnitXMLReporter -->
<testsuite ignored="0" hostname="Lenovo" failures="0" tests="8" name="ModuleOneTest" time="1.072" errors="0" timestamp="2023-03-02T19:34:22 IST">
  <testcase classname="parallelScripts.SampleTwoTest" name="testFour" time="0.095"/>
  <testcase classname="parallelScripts.SampleOneTest" name="testFour" time="0.097"/>
  <testcase classname="parallelScripts.SampleTwoTest" name="testOne" time="0.15"/>
  <testcase classname="parallelScripts.SampleTwoTest" name="testThree" time="0.007"/>
  <testcase classname="parallelScripts.SampleTwoTest" name="testTwo" time="0.015"/>
  <testcase classname="parallelScripts.SampleOneTest" name="testOne" time="0.078"/>
  <testcase classname="parallelScripts.SampleOneTest" name="testThree" time="0.028"/>
  <testcase classname="parallelScripts.SampleOneTest" name="testTwo" time="0.007"/>
</testsuite> <!-- ModuleOneTest -->
