<?xml version="1.0" encoding="UTF-8"?>
<!-- Generated by org.testng.reporters.JUnitXMLReporter -->
<testsuite ignored="0" hostname="Lenovo" failures="0" tests="4" name="ModuleTwoTest" time="0.094" errors="0" timestamp="2023-03-02T19:34:22 IST">
  <testcase classname="parallelScripts.SampleThreeTest" name="testFour" time="0.005"/>
  <testcase classname="parallelScripts.SampleThreeTest" name="testOne" time="0.002"/>
  <testcase classname="parallelScripts.SampleThreeTest" name="testThree" time="0.004"/>
  <testcase classname="parallelScripts.SampleThreeTest" name="testTwo" time="0.003"/>
</testsuite> <!-- ModuleTwoTest -->
